<?xml version="1.0" encoding="UTF-8"?>
<!-- Generated by org.testng.reporters.JUnitReportReporter -->
<testsuite hostname="NCNXCV02380549B" failures="0" tests="1" name="com.SmokeSuite.LearningDetailsPage" time="17.309" errors="0" timestamp="2025-06-25T13:51:37 IST" skipped="0">
  <testcase classname="com.SmokeSuite.LearningDetailsPage" name="toVerifyAttendance_Regularization_System" time="17.309"/>
</testsuite> <!-- com.SmokeSuite.LearningDetailsPage -->
