<?xml version="1.0" encoding="UTF-8"?>
<!-- Generated by org.testng.reporters.JUnitReportReporter -->
<testsuite hostname="NCNXCV02380549B" failures="0" tests="1" name="com.testSuites.Smoke.TestCase1" time="28.703" errors="0" timestamp="2025-06-19T13:22:43 IST" skipped="0">
  <testcase classname="com.testSuites.Smoke.TestCase1" name="Attendance_Regularization_System" time="28.703"/>
</testsuite> <!-- com.testSuites.Smoke.TestCase1 -->
