<?xml version="1.0" encoding="UTF-8"?>
<!-- Generated by org.testng.reporters.JUnitReportReporter -->
<testsuite hostname="NCNXCV02380549B" failures="0" tests="1" name="com.Smoke.AttendanceReg.Attendance_Regularization_System" time="27.142" errors="0" timestamp="2025-06-25T13:27:42 IST" skipped="0">
  <testcase classname="com.Smoke.AttendanceReg.Attendance_Regularization_System" name="toVerifyAttendance_Regularization_System" time="27.142"/>
</testsuite> <!-- com.Smoke.AttendanceReg.Attendance_Regularization_System -->
