<?xml version="1.0" encoding="UTF-8"?>
<!-- Generated by org.testng.reporters.JUnitReportReporter -->
<testsuite hostname="NCNXCV02380549B" failures="0" tests="1" name="com.Smoke.AttendanceReg.LearningDetailsPage" time="51.770" errors="0" timestamp="2025-06-25T13:45:40 IST" skipped="0">
  <testcase classname="com.Smoke.AttendanceReg.LearningDetailsPage" name="toVerifyAttendance_Regularization_System" time="51.770"/>
</testsuite> <!-- com.Smoke.AttendanceReg.LearningDetailsPage -->
