<?xml version="1.0" encoding="UTF-8"?>
<!-- Generated by org.testng.reporters.JUnitReportReporter -->
<testsuite hostname="NCNXCV02380549B" failures="0" tests="1" name="com.SmokeSuite.Attendance_RegularizationSystem" time="64.285" errors="0" timestamp="2025-06-25T13:51:37 IST" skipped="0">
  <testcase classname="com.SmokeSuite.Attendance_RegularizationSystem" name="toVerifyAttendance_Regularization_System" time="64.285"/>
</testsuite> <!-- com.SmokeSuite.Attendance_RegularizationSystem -->
